2021-04-11 11:19:51,606 - INFO - main.py - <module> - 78 - this server is running...
2021-04-11 11:20:18,149 - INFO - main.py - upload_file - 29 - pdf_upload.html
2021-04-11 11:20:21,892 - INFO - main.py - pdf_uploader - 37 - 马浩楠_JAVA_5年.pdf
2021-04-11 11:20:21,893 - INFO - main.py - pdf_uploader - 39 - File extension: pdf
2021-04-11 11:20:21,893 - INFO - main.py - pdf_uploader - 40 - File MIME type: application/pdf
2021-04-11 11:20:21,895 - INFO - main.py - pdf_uploader - 54 - 开始解析:upload_pdf\2021-04-11\d962b1fd-9a74-11eb-92ff-3ab1dbd65469.pdf
2021-04-11 11:20:22,085 - INFO - main.py - pdf_uploader - 57 - 解析完毕！
2021-04-11 11:29:11,684 - INFO - main.py - <module> - 78 - this server is running...
2021-04-11 11:29:19,973 - INFO - main.py - upload_file - 29 - pdf_upload.html
2021-04-11 11:29:23,593 - INFO - main.py - pdf_uploader - 37 - Software Engineering at Google 中英对照高亮版.pdf
2021-04-11 11:30:10,998 - INFO - main.py - <module> - 78 - this server is running...
2021-04-11 11:30:14,298 - INFO - main.py - pdf_uploader - 37 - Software Engineering at Google 中英对照高亮版.pdf
2021-04-11 11:30:14,298 - INFO - main.py - pdf_uploader - 54 - 开始解析:upload_pdf\2021-04-11\3a7c6fdb-9a76-11eb-91e2-3ab1dbd65469.pdf
2021-04-11 11:31:11,770 - INFO - main.py - pdf_uploader - 57 - 解析完毕！
2021-04-11 11:32:28,282 - INFO - main.py - pdf_uploader - 37 - Netflix5大组件.pdf
2021-04-11 11:32:28,284 - INFO - main.py - pdf_uploader - 54 - 开始解析:upload_pdf\2021-04-11\8a59025a-9a76-11eb-afdd-3ab1dbd65469.pdf
2021-04-11 11:32:28,612 - INFO - main.py - pdf_uploader - 57 - 解析完毕！
2021-04-11 11:33:00,041 - INFO - main.py - pdf_uploader - 37 - spark-programming-guide-zh-cn.pdf
2021-04-11 11:33:00,041 - INFO - main.py - pdf_uploader - 54 - 开始解析:upload_pdf\2021-04-11\9d46e3e8-9a76-11eb-b89d-3ab1dbd65469.pdf
2021-04-11 11:33:17,936 - INFO - main.py - pdf_uploader - 57 - 解析完毕！
2021-04-11 11:34:02,926 - INFO - main.py - pdf_uploader - 37 - v1.0-JavaGuide面试突击版.pdf
2021-04-11 11:34:02,944 - INFO - main.py - pdf_uploader - 54 - 开始解析:upload_pdf\2021-04-11\c2c23dab-9a76-11eb-8216-3ab1dbd65469.0-JavaGuide面试突击版.pdf
2021-04-11 11:34:13,371 - INFO - main.py - pdf_uploader - 37 - Java基础知识篇.pdf
2021-04-11 11:34:13,371 - INFO - main.py - pdf_uploader - 54 - 开始解析:upload_pdf\2021-04-11\c8fc04fb-9a76-11eb-892c-3ab1dbd65469.pdf
2021-04-11 11:34:21,789 - INFO - main.py - pdf_uploader - 57 - 解析完毕！
2021-04-11 11:34:49,707 - INFO - main.py - pdf_uploader - 37 - Java集合框架常见面试题.pdf
2021-04-11 11:34:49,738 - INFO - main.py - pdf_uploader - 54 - 开始解析:upload_pdf\2021-04-11\dea478fa-9a76-11eb-a0ac-3ab1dbd65469.pdf
2021-04-11 11:34:52,975 - INFO - main.py - pdf_uploader - 57 - 解析完毕！
